2025-06-27 11:56:49,037 - INFO - --- 开始技能词条双语批量翻译任务 ---
2025-06-27 11:56:49,550 - INFO - 翻译器 [CN] 已初始化，共加载 2213 条规则。
2025-06-27 11:56:50,058 - INFO - 翻译器 [TC] 已初始化，共加载 2213 条规则。
2025-06-27 11:56:50,059 - INFO - 正在加载源文件: ../../to_translate/effects_to_translate.js
2025-06-27 11:56:50,063 - INFO - 开始进行简繁双语翻译 (将移除空行并格式化空格)...
2025-06-27 11:56:51,294 - INFO - 翻译处理完成。正在写入简体中文结果到 effects_cn.js...
2025-06-27 11:56:51,316 - INFO - 简体中文结果已成功保存到: effects_cn.js
2025-06-27 11:56:51,316 - INFO - 正在写入繁体中文结果到 effects_tc.js...
2025-06-27 11:56:51,332 - INFO - 繁体中文结果已成功保存到: effects_tc.js
2025-06-27 11:56:51,332 - INFO - --- 双语翻译任务报告 ---
2025-06-27 11:56:51,333 - INFO - 总处理字符串条目: 5247
2025-06-27 11:56:51,333 - INFO - --- 简体中文 (CN) ---
2025-06-27 11:56:51,333 - INFO -   成功翻译: 5247
2025-06-27 11:56:51,333 - INFO -   失败 (未匹配): 0
2025-06-27 11:56:51,333 - INFO -   成功率: 100.00%
2025-06-27 11:56:51,333 - INFO - --- 繁体中文 (TC) ---
2025-06-27 11:56:51,333 - INFO -   成功翻译: 5247
2025-06-27 11:56:51,333 - INFO -   失败 (未匹配): 0
2025-06-27 11:56:51,333 - INFO -   成功率: 100.00%
2025-06-27 11:56:51,333 - INFO - --- 技能词条双语翻译任务结束 ---
