2025-06-27 11:52:09,344 - INFO - --- 开始被动技能双语批量翻译任务 ---
2025-06-27 11:52:09,444 - INFO - 翻译器 [CN] 已初始化，共加载 414 条翻译规则。
2025-06-27 11:52:09,445 - INFO - 翻译器 [TC] 已初始化，共加载 414 条翻译规则。
2025-06-27 11:52:09,445 - INFO - 正在加载源文件: passives_to_translate.js
2025-06-27 11:52:09,449 - INFO - 开始逐条翻译 'passives' 字段 (将按规则拆分条目、移除空行并格式化空格)...
2025-06-27 11:52:09,599 - INFO - 翻译处理完成。正在写入简体中文结果到 passives_cn.js...
2025-06-27 11:52:09,605 - INFO - 简体中文结果已成功保存到: passives_cn.js
2025-06-27 11:52:09,606 - INFO - 正在写入繁体中文结果到 passives_tc.js...
2025-06-27 11:52:09,612 - INFO - 繁体中文结果已成功保存到: passives_tc.js
2025-06-27 11:52:09,613 - INFO - --- 双语翻译任务报告 ---
2025-06-27 11:52:09,613 - INFO - 总处理字符串条目数: 1902
2025-06-27 11:52:09,613 - INFO - --- 简体中文 (CN) ---
2025-06-27 11:52:09,613 - INFO -   成功翻译: 1902
2025-06-27 11:52:09,613 - INFO -   失败 (未匹配): 0
2025-06-27 11:52:09,613 - INFO -   成功率: 100.00%
2025-06-27 11:52:09,613 - INFO - --- 繁体中文 (TC) ---
2025-06-27 11:52:09,613 - INFO -   成功翻译: 1902
2025-06-27 11:52:09,613 - INFO -   失败 (未匹配): 0
2025-06-27 11:52:09,613 - INFO -   成功率: 100.00%
2025-06-27 11:52:09,613 - INFO - --- 被动技能双语翻译任务结束 ---
