2025-06-21 01:35:54,856 - HeroAssembler - INFO - --- 开始从翻译零件组装英雄数据文件 ---
2025-06-21 01:35:54,857 - HeroAssembler - INFO - [CN] 开始为语言 'cn' 组装全新的英雄数据...
2025-06-21 01:35:54,857 - HeroAssembler - INFO - [CN] 正在读取零件: 'translated\effects_cn.js' (用于字段 'effects')
2025-06-21 01:35:54,864 - HeroAssembler - INFO - [CN] 正在读取零件: 'translated\passives_cn.js' (用于字段 'passives')
2025-06-21 01:35:54,879 - HeroAssembler - INFO - 🎉 [CN] 成功！已从 1434 位英雄的零件中组装并生成新文件: '../Heroplan.github.io/heroes_data_cn.js'
2025-06-21 01:35:54,880 - HeroAssembler - INFO - [TC] 开始为语言 'tc' 组装全新的英雄数据...
2025-06-21 01:35:54,880 - HeroAssembler - INFO - [TC] 正在读取零件: 'translated\effects_tc.js' (用于字段 'effects')
2025-06-21 01:35:54,886 - HeroAssembler - INFO - [TC] 正在读取零件: 'translated\passives_tc.js' (用于字段 'passives')
2025-06-21 01:35:54,900 - HeroAssembler - INFO - 🎉 [TC] 成功！已从 1434 位英雄的零件中组装并生成新文件: '../Heroplan.github.io/heroes_data_tc.js'
2025-06-21 01:35:54,901 - HeroAssembler - INFO - --- 所有组装任务已完成 ---
2025-06-21 01:37:05,780 - HeroAssembler - INFO - --- 开始执行英雄数据组装流程 ---
2025-06-21 01:37:05,781 - HeroAssembler - INFO - [CN] 开始为语言 'cn' 生成数据...
2025-06-21 01:37:05,781 - HeroAssembler - INFO - [CN] 读取文件: 'translated\effects_cn.js' (字段: 'effects')
2025-06-21 01:37:05,787 - HeroAssembler - INFO - [CN] 读取文件: 'translated\passives_cn.js' (字段: 'passives')
2025-06-21 01:37:05,802 - HeroAssembler - INFO - [CN] 成功生成文件: '../Heroplan.github.io/heroes_data_cn.js'，共包含 1434 条英雄数据。
2025-06-21 01:37:05,802 - HeroAssembler - INFO - [TC] 开始为语言 'tc' 生成数据...
2025-06-21 01:37:05,803 - HeroAssembler - INFO - [TC] 读取文件: 'translated\effects_tc.js' (字段: 'effects')
2025-06-21 01:37:05,808 - HeroAssembler - INFO - [TC] 读取文件: 'translated\passives_tc.js' (字段: 'passives')
2025-06-21 01:37:05,823 - HeroAssembler - INFO - [TC] 成功生成文件: '../Heroplan.github.io/heroes_data_tc.js'，共包含 1434 条英雄数据。
2025-06-21 01:37:05,823 - HeroAssembler - INFO - --- 所有组装任务已完成 ---
