2025-06-22 20:13:24,220 - INFO - --- 开始技能词条双语批量翻译任务 ---
2025-06-22 20:13:24,775 - INFO - 翻译器 [CN] 已初始化，共加载 2210 条规则。
2025-06-22 20:13:25,327 - INFO - 翻译器 [TC] 已初始化，共加载 2210 条规则。
2025-06-22 20:13:25,327 - INFO - 正在加载源文件: to_translate/effects_to_translate.js
2025-06-22 20:13:25,332 - INFO - 开始进行简繁双语翻译 (将移除空行并格式化空格)...
2025-06-22 20:13:26,527 - INFO - 翻译处理完成。正在写入简体中文结果到 translated/effects_cn.js...
2025-06-22 20:13:26,535 - INFO - 简体中文结果已成功保存到: translated/effects_cn.js
2025-06-22 20:13:26,535 - INFO - 正在写入繁体中文结果到 translated/effects_tc.js...
2025-06-22 20:13:26,543 - INFO - 繁体中文结果已成功保存到: translated/effects_tc.js
2025-06-22 20:13:26,543 - INFO - --- 双语翻译任务报告 ---
2025-06-22 20:13:26,543 - INFO - 总处理字符串条目: 5240
2025-06-22 20:13:26,543 - INFO - --- 简体中文 (CN) ---
2025-06-22 20:13:26,544 - INFO -   成功翻译: 5240
2025-06-22 20:13:26,544 - INFO -   失败 (未匹配): 0
2025-06-22 20:13:26,544 - INFO -   成功率: 100.00%
2025-06-22 20:13:26,544 - INFO - --- 繁体中文 (TC) ---
2025-06-22 20:13:26,544 - INFO -   成功翻译: 5240
2025-06-22 20:13:26,544 - INFO -   失败 (未匹配): 0
2025-06-22 20:13:26,544 - INFO -   成功率: 100.00%
2025-06-22 20:13:26,544 - INFO - --- 技能词条双语翻译任务结束 ---
