2025-06-22 09:30:58,894 - INFO - --- 开始家族奖励（Family Bonus）双语批量翻译任务 ---
2025-06-22 09:30:58,934 - INFO - 翻译器 [CN] 已初始化，共加载 188 条规则。
2025-06-22 09:30:58,935 - INFO - 翻译器 [TC] 已初始化，共加载 188 条规则。
2025-06-22 09:30:58,935 - INFO - 正在加载源文件: ../to_translate/families_bonus_to_translate.js
2025-06-22 09:30:58,936 - INFO - 开始逐条翻译 'bonus' 字段...
2025-06-22 09:30:58,955 - INFO - 翻译处理完成。正在写入简体中文结果到 ../families_bonus_cn.js...
2025-06-22 09:30:58,970 - INFO - 简体中文结果已成功保存到: ../families_bonus_cn.js
2025-06-22 09:30:58,970 - INFO - 正在写入繁体中文结果到 ../families_bonus_tc.js...
2025-06-22 09:30:58,971 - INFO - 繁体中文结果已成功保存到: ../families_bonus_tc.js
2025-06-22 09:30:58,971 - INFO - --- 双语翻译任务报告 ---
2025-06-22 09:30:58,972 - INFO - 总处理字符串条目数: 291
2025-06-22 09:30:58,972 - INFO - --- 简体中文 (CN) ---
2025-06-22 09:30:58,972 - INFO -   成功翻译: 291
2025-06-22 09:30:58,972 - INFO -   失败 (未匹配): 0
2025-06-22 09:30:58,972 - INFO -   成功率: 100.00%
2025-06-22 09:30:58,972 - INFO - --- 繁体中文 (TC) ---
2025-06-22 09:30:58,972 - INFO -   成功翻译: 291
2025-06-22 09:30:58,972 - INFO -   失败 (未匹配): 0
2025-06-22 09:30:58,972 - INFO -   成功率: 100.00%
2025-06-22 09:30:58,973 - INFO - --- 家族奖励翻译任务结束 ---
