2025-06-22 13:25:35,533 - INFO - ===== 开始执行批量合并任务 (累积更新模式) =====
2025-06-22 13:25:35,533 - INFO - 
==================== 开始处理语言: [CN] ====================
2025-06-22 13:25:35,533 - INFO - [CN] 正在加载主数据文件: heroes_data_cn.js
2025-06-22 13:25:35,556 - INFO - --- 正在为 [CN] 合并 'effects' 字段 ---
2025-06-22 13:25:35,563 - INFO - 在内存中为 [CN] 更新了 1435 个英雄的 'effects' 字段。
2025-06-22 13:25:35,563 - INFO - --- 正在为 [CN] 合并 'passives' 字段 ---
2025-06-22 13:25:35,567 - INFO - 在内存中为 [CN] 更新了 1435 个英雄的 'passives' 字段。
2025-06-22 13:25:35,568 - INFO - --- [CN] 所有字段已在内存中合并，开始写回最终文件 ---
2025-06-22 13:25:35,597 - INFO - 🎉 成功！[CN] 的最终文件已写入: 'heroes_data_cn.js'
2025-06-22 13:25:35,601 - INFO - 🎉 成功！[CN] 的最终文件已写入: '../Heroplan.github.io/heroes_data_cn.js'
2025-06-22 13:25:35,602 - INFO - 
==================== 开始处理语言: [TC] ====================
2025-06-22 13:25:35,602 - INFO - [TC] 正在加载主数据文件: heroes_data_tc.js
2025-06-22 13:25:35,625 - INFO - --- 正在为 [TC] 合并 'effects' 字段 ---
2025-06-22 13:25:35,632 - INFO - 在内存中为 [TC] 更新了 1435 个英雄的 'effects' 字段。
2025-06-22 13:25:35,632 - INFO - --- 正在为 [TC] 合并 'passives' 字段 ---
2025-06-22 13:25:35,637 - INFO - 在内存中为 [TC] 更新了 1435 个英雄的 'passives' 字段。
2025-06-22 13:25:35,637 - INFO - --- [TC] 所有字段已在内存中合并，开始写回最终文件 ---
2025-06-22 13:25:35,666 - INFO - 🎉 成功！[TC] 的最终文件已写入: 'heroes_data_tc.js'
2025-06-22 13:25:35,671 - INFO - 🎉 成功！[TC] 的最终文件已写入: '../Heroplan.github.io/heroes_data_tc.js'
2025-06-22 13:25:35,671 - INFO - ===== 所有批量合并任务执行完毕 =====
