2025-07-04 23:20:16,213 - INFO - ===== 开始预处理：加载天赋数据并创建映射 =====
2025-07-04 23:20:16,226 - INFO - 使用 'heroes_data_en.js' 创建 originalIndex -> 天赋数据的映射...
2025-07-04 23:20:16,300 - INFO - 成功创建了 1415 条 originalIndex 到天赋的映射。
2025-07-04 23:20:16,300 - INFO - 
===== 开始执行数据处理两步流程 =====
2025-07-04 23:20:16,301 - INFO - 
==================== [步骤 1: 累积更新JS] 语言: [CN] ====================
2025-07-04 23:20:16,346 - INFO - --- [CN] 开始注入天赋属性 ---
2025-07-04 23:20:16,346 - INFO - 为 [CN] 成功注入了 1415 个英雄的天赋数据。
2025-07-04 23:20:16,349 - INFO - --- 正在为 [CN] 合并 'effects' 字段 ---
2025-07-04 23:20:16,364 - INFO - 在内存中为 [CN] 更新了 1441 个英雄的 'effects' 字段。
2025-07-04 23:20:16,365 - INFO - --- 正在为 [CN] 合并 'passives' 字段 ---
2025-07-04 23:20:16,375 - INFO - 在内存中为 [CN] 更新了 1441 个英雄的 'passives' 字段。
2025-07-04 23:20:16,375 - INFO - --- [CN] 开始将包含天赋和翻译的累积更新写回 .js 文件 ---
2025-07-04 23:20:16,509 - INFO - ✅ 成功！[CN] 的JS文件已更新: 'heroes_data_cn.js'
2025-07-04 23:20:16,512 - INFO - 
==================== [步骤 2: 生成JSON] 语言: [CN] ====================
2025-07-04 23:20:16,512 - INFO - 加载更新后的英雄数据: 'heroes_data_cn.js'
2025-07-04 23:20:16,512 - INFO - 加载家族加成数据: 'translated/families_bonus_cn.js'
2025-07-04 23:20:16,512 - INFO - 加载家族名称数据: 'family_values_cn.js'
2025-07-04 23:20:16,781 - INFO - 🎉 最终成功！[CN] 的压缩JSON文件已生成: '../Heroplan.github.io\data_cn.json'
2025-07-04 23:20:16,783 - INFO - 
==================== [步骤 1: 累积更新JS] 语言: [TC] ====================
2025-07-04 23:20:16,827 - INFO - --- [TC] 开始注入天赋属性 ---
2025-07-04 23:20:16,828 - INFO - 为 [TC] 成功注入了 1415 个英雄的天赋数据。
2025-07-04 23:20:16,829 - INFO - --- 正在为 [TC] 合并 'effects' 字段 ---
2025-07-04 23:20:16,845 - INFO - 在内存中为 [TC] 更新了 1441 个英雄的 'effects' 字段。
2025-07-04 23:20:16,845 - INFO - --- 正在为 [TC] 合并 'passives' 字段 ---
2025-07-04 23:20:16,856 - INFO - 在内存中为 [TC] 更新了 1441 个英雄的 'passives' 字段。
2025-07-04 23:20:16,857 - INFO - --- [TC] 开始将包含天赋和翻译的累积更新写回 .js 文件 ---
2025-07-04 23:20:16,999 - INFO - ✅ 成功！[TC] 的JS文件已更新: 'heroes_data_tc.js'
2025-07-04 23:20:17,003 - INFO - 
==================== [步骤 2: 生成JSON] 语言: [TC] ====================
2025-07-04 23:20:17,022 - INFO - 加载更新后的英雄数据: 'heroes_data_tc.js'
2025-07-04 23:20:17,023 - INFO - 加载家族加成数据: 'translated/families_bonus_tc.js'
2025-07-04 23:20:17,028 - INFO - 加载家族名称数据: 'family_values_tc.js'
2025-07-04 23:20:17,299 - INFO - 🎉 最终成功！[TC] 的压缩JSON文件已生成: '../Heroplan.github.io\data_tc.json'
2025-07-04 23:20:17,301 - INFO - 
==================== [步骤 1: 累积更新JS] 语言: [EN] ====================
2025-07-04 23:20:17,347 - INFO - --- [EN] 开始注入天赋属性 ---
2025-07-04 23:20:17,349 - INFO - 为 [EN] 成功注入了 1415 个英雄的天赋数据。
2025-07-04 23:20:17,350 - INFO - --- 正在为 [EN] 合并 'effects' 字段 ---
2025-07-04 23:20:17,385 - INFO - 在内存中为 [EN] 更新了 1441 个英雄的 'effects' 字段。
2025-07-04 23:20:17,385 - INFO - --- 正在为 [EN] 合并 'passives' 字段 ---
2025-07-04 23:20:17,400 - INFO - 在内存中为 [EN] 更新了 1441 个英雄的 'passives' 字段。
2025-07-04 23:20:17,401 - INFO - --- [EN] 开始将包含天赋和翻译的累积更新写回 .js 文件 ---
2025-07-04 23:20:17,538 - INFO - ✅ 成功！[EN] 的JS文件已更新: 'heroes_data_en.js'
2025-07-04 23:20:17,541 - INFO - 
==================== [步骤 2: 生成JSON] 语言: [EN] ====================
2025-07-04 23:20:17,546 - INFO - 加载更新后的英雄数据: 'heroes_data_en.js'
2025-07-04 23:20:17,546 - INFO - 加载家族加成数据: 'translated/families_bonus_en.js'
2025-07-04 23:20:17,546 - INFO - 加载家族名称数据: 'family_values_en.js'
2025-07-04 23:20:17,789 - INFO - 🎉 最终成功！[EN] 的压缩JSON文件已生成: '../Heroplan.github.io\data_en.json'
2025-07-04 23:20:17,792 - INFO - 
===== 所有流程执行完毕 =====
