2026-05-29 09:33:13,676 - INFO - 成功加载并规范化 1783 条中文额外数据。
2026-05-29 09:33:13,695 - INFO - [skill] 已加载 cn 技能 2529 条
2026-05-29 09:33:13,697 - INFO - [skill] 已加载 tc 技能 2529 条
2026-05-29 09:33:13,699 - INFO - [skill] 已加载 en 技能 2529 条
2026-05-29 09:33:16,553 - WARNING - 
--- 发现 13 个3-5星英雄在 heroes_data_extra_skill_cn.json 中缺少数据 ---
2026-05-29 09:33:16,553 - INFO - 检测到 13 个英雄可能在 'heroes_data_extra_skill_cn.json' 中缺少条目。正在检查并准备追加...
2026-05-29 09:33:16,558 - INFO - 准备为 'Bane Stylish' 添加新条目，键名为 'Bane Stylish'。
2026-05-29 09:33:16,558 - INFO - 准备为 'Berden Stylish' 添加新条目，键名为 'Berden Stylish'。
2026-05-29 09:33:16,558 - INFO - 准备为 'Cardinal Richelieu C' 添加新条目，键名为 'Cardinal Richelieu C'。
2026-05-29 09:33:16,558 - INFO - 准备为 'Elx' 添加新条目，键名为 'Elx'。
2026-05-29 09:33:16,558 - INFO - 准备为 'Gormek Stylish' 添加新条目，键名为 'Gormek Stylish'。
2026-05-29 09:33:16,559 - INFO - 准备为 'Jacques-Pierre' 添加新条目，键名为 'Jacques-Pierre'。
2026-05-29 09:33:16,559 - INFO - 准备为 'Khagan Stylish' 添加新条目，键名为 'Khagan Stylish'。
2026-05-29 09:33:16,559 - INFO - 准备为 'Little John Stylish' 添加新条目，键名为 'Little John Stylish'。
2026-05-29 09:33:16,559 - INFO - 准备为 'Madarika' 添加新条目，键名为 'Madarika'。
2026-05-29 09:33:16,582 - INFO - 成功！已将 9 个新的空白英雄条目追加到 'heroes_data_extra_skill_cn.json'。
2026-05-29 09:33:16,815 - INFO - 成功加载并规范化 1792 条中文额外数据。
2026-05-29 09:33:19,700 - WARNING - 
--- 发现 5 个3-5星英雄在 heroes_data_extra_skill_cn.json 中缺少数据 ---
2026-05-29 09:33:19,700 - INFO - 检测到 5 个英雄可能在 'heroes_data_extra_skill_cn.json' 中缺少条目。正在检查并准备追加...
2026-05-29 09:33:19,707 - INFO - 无需向 'heroes_data_extra_skill_cn.json' 追加新条目，文件已是最新。
