2025-06-21 01:40:18,842 - HeroMerger - INFO - --- 开始执行英雄数据合并更新流程 ---
2025-06-21 01:40:18,842 - HeroMerger - INFO - [CN] 开始合并字段 'effects'...
2025-06-21 01:40:18,842 - HeroMerger - INFO - [CN] 读取原始文件: ../Heroplan.github.io/heroes_data_cn.js
2025-06-21 01:40:18,844 - HeroMerger - ERROR - [CN] 错误: 找不到原始文件 '../Heroplan.github.io/heroes_data_cn.js'。请检查文件路径和脚本运行位置是否正确。
2025-06-21 01:40:18,844 - HeroMerger - INFO - [TC] 开始合并字段 'effects'...
2025-06-21 01:40:18,844 - HeroMerger - INFO - [TC] 读取原始文件: ../Heroplan.github.io/heroes_data_tc.js
2025-06-21 01:40:18,844 - HeroMerger - ERROR - [TC] 错误: 找不到原始文件 '../Heroplan.github.io/heroes_data_tc.js'。请检查文件路径和脚本运行位置是否正确。
2025-06-21 01:40:18,844 - HeroMerger - INFO - [CN] 开始合并字段 'passives'...
2025-06-21 01:40:18,844 - HeroMerger - INFO - [CN] 读取原始文件: ../Heroplan.github.io/heroes_data_cn.js
2025-06-21 01:40:18,845 - HeroMerger - ERROR - [CN] 错误: 找不到原始文件 '../Heroplan.github.io/heroes_data_cn.js'。请检查文件路径和脚本运行位置是否正确。
2025-06-21 01:40:18,845 - HeroMerger - INFO - [TC] 开始合并字段 'passives'...
2025-06-21 01:40:18,845 - HeroMerger - INFO - [TC] 读取原始文件: ../Heroplan.github.io/heroes_data_tc.js
2025-06-21 01:40:18,845 - HeroMerger - ERROR - [TC] 错误: 找不到原始文件 '../Heroplan.github.io/heroes_data_tc.js'。请检查文件路径和脚本运行位置是否正确。
2025-06-21 01:40:18,845 - HeroMerger - INFO - --- 所有合并更新任务已完成 ---
2025-06-21 01:42:11,762 - HeroMerger - INFO - --- 开始执行英雄数据合并流程 ---
2025-06-21 01:42:11,763 - HeroMerger - INFO - [CN] 开始处理字段 'effects'...
2025-06-21 01:42:11,763 - HeroMerger - INFO - [CN] 读取原始文件: heroes_data_cn.js
2025-06-21 01:42:11,782 - HeroMerger - INFO - [CN] 读取翻译文件: translated\effects_cn.js
2025-06-21 01:42:11,789 - HeroMerger - INFO - [CN] 更新了 1434 条 'effects' 字段数据。
2025-06-21 01:42:11,818 - HeroMerger - INFO - [CN] 成功写入文件: '../Heroplan.github.io/heroes_data_cn.js'
2025-06-21 01:42:11,819 - HeroMerger - INFO - [TC] 开始处理字段 'effects'...
2025-06-21 01:42:11,819 - HeroMerger - INFO - [TC] 读取原始文件: heroes_data_tc.js
2025-06-21 01:42:11,839 - HeroMerger - INFO - [TC] 读取翻译文件: translated\effects_tc.js
2025-06-21 01:42:11,845 - HeroMerger - INFO - [TC] 更新了 1434 条 'effects' 字段数据。
2025-06-21 01:42:11,875 - HeroMerger - INFO - [TC] 成功写入文件: '../Heroplan.github.io/heroes_data_tc.js'
2025-06-21 01:42:11,876 - HeroMerger - INFO - [CN] 开始处理字段 'passives'...
2025-06-21 01:42:11,876 - HeroMerger - INFO - [CN] 读取原始文件: heroes_data_cn.js
2025-06-21 01:42:11,895 - HeroMerger - INFO - [CN] 读取翻译文件: translated\passives_cn.js
2025-06-21 01:42:11,898 - HeroMerger - INFO - [CN] 更新了 1434 条 'passives' 字段数据。
2025-06-21 01:42:11,929 - HeroMerger - INFO - [CN] 成功写入文件: '../Heroplan.github.io/heroes_data_cn.js'
2025-06-21 01:42:11,931 - HeroMerger - INFO - [TC] 开始处理字段 'passives'...
2025-06-21 01:42:11,931 - HeroMerger - INFO - [TC] 读取原始文件: heroes_data_tc.js
2025-06-21 01:42:11,950 - HeroMerger - INFO - [TC] 读取翻译文件: translated\passives_tc.js
2025-06-21 01:42:11,953 - HeroMerger - INFO - [TC] 更新了 1434 条 'passives' 字段数据。
2025-06-21 01:42:11,981 - HeroMerger - INFO - [TC] 成功写入文件: '../Heroplan.github.io/heroes_data_tc.js'
2025-06-21 01:42:11,982 - HeroMerger - INFO - --- 所有合并任务已完成 ---
2025-06-21 09:38:35,400 - HeroMerger - INFO - --- 开始执行英雄数据合并流程 ---
2025-06-21 09:38:35,414 - HeroMerger - INFO - [CN] 开始处理字段 'effects'...
2025-06-21 09:38:35,417 - HeroMerger - INFO - [CN] 读取原始文件: heroes_data_cn.js
2025-06-21 09:38:35,476 - HeroMerger - INFO - [CN] 读取翻译文件: translated\effects_cn.js
2025-06-21 09:38:35,496 - HeroMerger - INFO - [CN] 更新了 1434 条 'effects' 字段数据。
2025-06-21 09:38:35,527 - HeroMerger - INFO - [CN] 成功写入文件: '../Heroplan.github.io/heroes_data_cn.js'
2025-06-21 09:38:35,529 - HeroMerger - INFO - [TC] 开始处理字段 'effects'...
2025-06-21 09:38:35,529 - HeroMerger - INFO - [TC] 读取原始文件: heroes_data_tc.js
2025-06-21 09:38:35,554 - HeroMerger - INFO - [TC] 读取翻译文件: translated\effects_tc.js
2025-06-21 09:38:35,575 - HeroMerger - INFO - [TC] 更新了 1434 条 'effects' 字段数据。
2025-06-21 09:38:35,606 - HeroMerger - INFO - [TC] 成功写入文件: '../Heroplan.github.io/heroes_data_tc.js'
2025-06-21 09:38:35,608 - HeroMerger - INFO - [CN] 开始处理字段 'passives'...
2025-06-21 09:38:35,608 - HeroMerger - INFO - [CN] 读取原始文件: heroes_data_cn.js
2025-06-21 09:38:35,629 - HeroMerger - INFO - [CN] 读取翻译文件: translated\passives_cn.js
2025-06-21 09:38:35,650 - HeroMerger - INFO - [CN] 更新了 1434 条 'passives' 字段数据。
2025-06-21 09:38:35,681 - HeroMerger - INFO - [CN] 成功写入文件: '../Heroplan.github.io/heroes_data_cn.js'
2025-06-21 09:38:35,682 - HeroMerger - INFO - [TC] 开始处理字段 'passives'...
2025-06-21 09:38:35,682 - HeroMerger - INFO - [TC] 读取原始文件: heroes_data_tc.js
2025-06-21 09:38:35,705 - HeroMerger - INFO - [TC] 读取翻译文件: translated\passives_tc.js
2025-06-21 09:38:35,721 - HeroMerger - INFO - [TC] 更新了 1434 条 'passives' 字段数据。
2025-06-21 09:38:35,752 - HeroMerger - INFO - [TC] 成功写入文件: '../Heroplan.github.io/heroes_data_tc.js'
2025-06-21 09:38:35,754 - HeroMerger - INFO - --- 所有合并任务已完成 ---
2025-06-21 10:09:32,859 - HeroMerger - INFO - --- 开始执行英雄数据合并流程 ---
2025-06-21 10:09:32,860 - HeroMerger - INFO - [CN] 开始处理字段 'effects'...
2025-06-21 10:09:32,860 - HeroMerger - INFO - [CN] 读取原始文件: heroes_data_cn.js
2025-06-21 10:09:32,883 - HeroMerger - INFO - [CN] 读取翻译文件: translated\effects_cn.js
2025-06-21 10:09:32,890 - HeroMerger - INFO - [CN] 更新了 1434 条 'effects' 字段数据。
2025-06-21 10:09:32,920 - HeroMerger - INFO - [CN] 成功写入文件: '../Heroplan.github.io/heroes_data_cn.js'
2025-06-21 10:09:32,922 - HeroMerger - INFO - [TC] 开始处理字段 'effects'...
2025-06-21 10:09:32,922 - HeroMerger - INFO - [TC] 读取原始文件: heroes_data_tc.js
2025-06-21 10:09:32,944 - HeroMerger - INFO - [TC] 读取翻译文件: translated\effects_tc.js
2025-06-21 10:09:32,950 - HeroMerger - INFO - [TC] 更新了 1434 条 'effects' 字段数据。
2025-06-21 10:09:32,980 - HeroMerger - INFO - [TC] 成功写入文件: '../Heroplan.github.io/heroes_data_tc.js'
2025-06-21 10:09:32,981 - HeroMerger - INFO - [CN] 开始处理字段 'passives'...
2025-06-21 10:09:32,981 - HeroMerger - INFO - [CN] 读取原始文件: heroes_data_cn.js
2025-06-21 10:09:33,003 - HeroMerger - INFO - [CN] 读取翻译文件: translated\passives_cn.js
2025-06-21 10:09:33,007 - HeroMerger - INFO - [CN] 更新了 1434 条 'passives' 字段数据。
2025-06-21 10:09:33,037 - HeroMerger - INFO - [CN] 成功写入文件: '../Heroplan.github.io/heroes_data_cn.js'
2025-06-21 10:09:33,039 - HeroMerger - INFO - [TC] 开始处理字段 'passives'...
2025-06-21 10:09:33,039 - HeroMerger - INFO - [TC] 读取原始文件: heroes_data_tc.js
2025-06-21 10:09:33,060 - HeroMerger - INFO - [TC] 读取翻译文件: translated\passives_tc.js
2025-06-21 10:09:33,064 - HeroMerger - INFO - [TC] 更新了 1434 条 'passives' 字段数据。
2025-06-21 10:09:33,095 - HeroMerger - INFO - [TC] 成功写入文件: '../Heroplan.github.io/heroes_data_tc.js'
2025-06-21 10:09:33,096 - HeroMerger - INFO - --- 所有合并任务已完成 ---
2025-06-21 10:34:13,792 - HeroMerger - INFO - --- 开始执行英雄数据合并流程 ---
2025-06-21 10:34:13,792 - HeroMerger - INFO - [CN] 开始处理字段 'effects'...
2025-06-21 10:34:13,793 - HeroMerger - INFO - [CN] 读取原始文件: heroes_data_cn.js
2025-06-21 10:34:13,815 - HeroMerger - INFO - [CN] 读取翻译文件: translated\effects_cn.js
2025-06-21 10:34:13,822 - HeroMerger - INFO - [CN] 更新了 1434 条 'effects' 字段数据。
2025-06-21 10:34:13,852 - HeroMerger - INFO - [CN] 成功写入文件: '../Heroplan.github.io/heroes_data_cn.js'
2025-06-21 10:34:13,853 - HeroMerger - INFO - [TC] 开始处理字段 'effects'...
2025-06-21 10:34:13,853 - HeroMerger - INFO - [TC] 读取原始文件: heroes_data_tc.js
2025-06-21 10:34:13,875 - HeroMerger - INFO - [TC] 读取翻译文件: translated\effects_tc.js
2025-06-21 10:34:13,881 - HeroMerger - INFO - [TC] 更新了 1434 条 'effects' 字段数据。
2025-06-21 10:34:13,911 - HeroMerger - INFO - [TC] 成功写入文件: '../Heroplan.github.io/heroes_data_tc.js'
2025-06-21 10:34:13,912 - HeroMerger - INFO - [CN] 开始处理字段 'passives'...
2025-06-21 10:34:13,912 - HeroMerger - INFO - [CN] 读取原始文件: heroes_data_cn.js
2025-06-21 10:34:13,934 - HeroMerger - INFO - [CN] 读取翻译文件: translated\passives_cn.js
2025-06-21 10:34:13,938 - HeroMerger - INFO - [CN] 更新了 1434 条 'passives' 字段数据。
2025-06-21 10:34:13,967 - HeroMerger - INFO - [CN] 成功写入文件: '../Heroplan.github.io/heroes_data_cn.js'
2025-06-21 10:34:13,968 - HeroMerger - INFO - [TC] 开始处理字段 'passives'...
2025-06-21 10:34:13,968 - HeroMerger - INFO - [TC] 读取原始文件: heroes_data_tc.js
2025-06-21 10:34:13,990 - HeroMerger - INFO - [TC] 读取翻译文件: translated\passives_tc.js
2025-06-21 10:34:13,994 - HeroMerger - INFO - [TC] 更新了 1434 条 'passives' 字段数据。
2025-06-21 10:34:14,024 - HeroMerger - INFO - [TC] 成功写入文件: '../Heroplan.github.io/heroes_data_tc.js'
2025-06-21 10:34:14,026 - HeroMerger - INFO - --- 所有合并任务已完成 ---
2025-06-21 10:36:16,796 - HeroMerger - INFO - --- 开始执行英雄数据合并流程 ---
2025-06-21 10:36:16,797 - HeroMerger - INFO - [CN] 开始处理字段 'effects'...
2025-06-21 10:36:16,797 - HeroMerger - INFO - [CN] 读取原始文件: heroes_data_cn.js
2025-06-21 10:36:16,820 - HeroMerger - INFO - [CN] 读取翻译文件: translated\effects_cn.js
2025-06-21 10:36:16,826 - HeroMerger - INFO - [CN] 更新了 1434 条 'effects' 字段数据。
2025-06-21 10:36:16,858 - HeroMerger - INFO - [CN] 成功写入文件: '../Heroplan.github.io/heroes_data_cn.js'
2025-06-21 10:36:16,860 - HeroMerger - INFO - [TC] 开始处理字段 'effects'...
2025-06-21 10:36:16,860 - HeroMerger - INFO - [TC] 读取原始文件: heroes_data_tc.js
2025-06-21 10:36:16,881 - HeroMerger - INFO - [TC] 读取翻译文件: translated\effects_tc.js
2025-06-21 10:36:16,887 - HeroMerger - INFO - [TC] 更新了 1434 条 'effects' 字段数据。
2025-06-21 10:36:16,917 - HeroMerger - INFO - [TC] 成功写入文件: '../Heroplan.github.io/heroes_data_tc.js'
2025-06-21 10:36:16,918 - HeroMerger - INFO - [CN] 开始处理字段 'passives'...
2025-06-21 10:36:16,918 - HeroMerger - INFO - [CN] 读取原始文件: heroes_data_cn.js
2025-06-21 10:36:16,940 - HeroMerger - INFO - [CN] 读取翻译文件: translated\passives_cn.js
2025-06-21 10:36:16,943 - HeroMerger - INFO - [CN] 更新了 1434 条 'passives' 字段数据。
2025-06-21 10:36:16,973 - HeroMerger - INFO - [CN] 成功写入文件: '../Heroplan.github.io/heroes_data_cn.js'
2025-06-21 10:36:16,975 - HeroMerger - INFO - [TC] 开始处理字段 'passives'...
2025-06-21 10:36:16,975 - HeroMerger - INFO - [TC] 读取原始文件: heroes_data_tc.js
2025-06-21 10:36:16,998 - HeroMerger - INFO - [TC] 读取翻译文件: translated\passives_tc.js
2025-06-21 10:36:17,002 - HeroMerger - INFO - [TC] 更新了 1434 条 'passives' 字段数据。
2025-06-21 10:36:17,032 - HeroMerger - INFO - [TC] 成功写入文件: '../Heroplan.github.io/heroes_data_tc.js'
2025-06-21 10:36:17,033 - HeroMerger - INFO - --- 所有合并任务已完成 ---
