2025-06-21 01:28:29,595 - MergeBack - INFO - --- 开始执行翻译合并流程 ---
2025-06-21 01:28:29,595 - MergeBack - INFO - --- 正在处理任务: 更新字段 'effects' ---
2025-06-21 01:28:29,595 - MergeBack - INFO - [CN] 开始合并字段 'effects'...
2025-06-21 01:28:29,595 - MergeBack - INFO - [CN] 读取原始数据: heroes_data_cn.js
2025-06-21 01:28:29,595 - MergeBack - INFO - [CN] 读取翻译数据: translated\effects_cn.js
2025-06-21 01:28:29,625 - MergeBack - INFO - [CN] 成功为 1434 位英雄更新了 'effects' 字段。
2025-06-21 01:28:29,654 - MergeBack - INFO - [CN] 成功生成主输出文件: 'heroes_data_cn.js'
2025-06-21 01:28:29,655 - MergeBack - INFO - [TC] 开始合并字段 'effects'...
2025-06-21 01:28:29,656 - MergeBack - INFO - [TC] 读取原始数据: heroes_data_tc.js
2025-06-21 01:28:29,656 - MergeBack - INFO - [TC] 读取翻译数据: translated\effects_tc.js
2025-06-21 01:28:29,683 - MergeBack - INFO - [TC] 成功为 1434 位英雄更新了 'effects' 字段。
2025-06-21 01:28:29,714 - MergeBack - INFO - [TC] 成功生成主输出文件: 'heroes_data_tc.js'
2025-06-21 01:28:29,715 - MergeBack - INFO - --- 正在处理任务: 更新字段 'passives' ---
2025-06-21 01:28:29,715 - MergeBack - INFO - [CN] 开始合并字段 'passives'...
2025-06-21 01:28:29,715 - MergeBack - INFO - [CN] 读取原始数据: heroes_data_cn.js
2025-06-21 01:28:29,715 - MergeBack - INFO - [CN] 读取翻译数据: translated\passives_cn.js
2025-06-21 01:28:29,739 - MergeBack - INFO - [CN] 成功为 1434 位英雄更新了 'passives' 字段。
2025-06-21 01:28:29,775 - MergeBack - INFO - [CN] 成功生成主输出文件: 'heroes_data_cn.js'
2025-06-21 01:28:29,776 - MergeBack - INFO - [TC] 开始合并字段 'passives'...
2025-06-21 01:28:29,776 - MergeBack - INFO - [TC] 读取原始数据: heroes_data_tc.js
2025-06-21 01:28:29,776 - MergeBack - INFO - [TC] 读取翻译数据: translated\passives_tc.js
2025-06-21 01:28:29,810 - MergeBack - INFO - [TC] 成功为 1434 位英雄更新了 'passives' 字段。
2025-06-21 01:28:29,846 - MergeBack - INFO - [TC] 成功生成主输出文件: 'heroes_data_tc.js'
2025-06-21 01:28:29,847 - MergeBack - INFO - --- 所有翻译合并任务已完成 ---
2025-06-21 01:33:52,457 - MergeBack - INFO - --- 开始执行翻译合并流程 ---
2025-06-21 01:33:52,458 - MergeBack - INFO - --- 正在处理任务: 更新字段 'effects' ---
2025-06-21 01:33:52,458 - MergeBack - INFO - [CN] 开始合并字段 'effects'...
2025-06-21 01:33:52,458 - MergeBack - INFO - [CN] 读取原始数据: ../Heroplan.github.io/heroes_data_cn.js
2025-06-21 01:33:52,458 - MergeBack - INFO - [CN] 读取翻译数据: translated\effects_cn.js
2025-06-21 01:33:52,458 - MergeBack - ERROR - 文件未找到错误: ../Heroplan.github.io/heroes_data_cn.js。请检查文件路径是否正确。
2025-06-21 01:33:52,459 - MergeBack - INFO - [TC] 开始合并字段 'effects'...
2025-06-21 01:33:52,459 - MergeBack - INFO - [TC] 读取原始数据: ../Heroplan.github.io/heroes_data_tc.js
2025-06-21 01:33:52,459 - MergeBack - INFO - [TC] 读取翻译数据: translated\effects_tc.js
2025-06-21 01:33:52,459 - MergeBack - ERROR - 文件未找到错误: ../Heroplan.github.io/heroes_data_tc.js。请检查文件路径是否正确。
2025-06-21 01:33:52,459 - MergeBack - INFO - --- 正在处理任务: 更新字段 'passives' ---
2025-06-21 01:33:52,459 - MergeBack - INFO - [CN] 开始合并字段 'passives'...
2025-06-21 01:33:52,459 - MergeBack - INFO - [CN] 读取原始数据: ../Heroplan.github.io/heroes_data_cn.js
2025-06-21 01:33:52,459 - MergeBack - INFO - [CN] 读取翻译数据: translated\passives_cn.js
2025-06-21 01:33:52,460 - MergeBack - ERROR - 文件未找到错误: ../Heroplan.github.io/heroes_data_cn.js。请检查文件路径是否正确。
2025-06-21 01:33:52,460 - MergeBack - INFO - [TC] 开始合并字段 'passives'...
2025-06-21 01:33:52,460 - MergeBack - INFO - [TC] 读取原始数据: ../Heroplan.github.io/heroes_data_tc.js
2025-06-21 01:33:52,460 - MergeBack - INFO - [TC] 读取翻译数据: translated\passives_tc.js
2025-06-21 01:33:52,460 - MergeBack - ERROR - 文件未找到错误: ../Heroplan.github.io/heroes_data_tc.js。请检查文件路径是否正确。
2025-06-21 01:33:52,460 - MergeBack - INFO - --- 所有翻译合并任务已完成 ---
