2025-06-23 09:21:44,609 - INFO - --- 开始被动技能双语批量翻译任务 ---
2025-06-23 09:21:44,743 - INFO - 翻译器 [CN] 已初始化，共加载 413 条翻译规则。
2025-06-23 09:21:44,797 - INFO - 翻译器 [TC] 已初始化，共加载 413 条翻译规则。
2025-06-23 09:21:44,797 - INFO - 正在加载源文件: to_translate/passives_to_translate.js
2025-06-23 09:21:44,879 - INFO - 开始逐条翻译 'passives' 字段...
2025-06-23 09:21:45,023 - INFO - 翻译处理完成。正在写入简体中文结果到 translated/passives_cn.js...
2025-06-23 09:21:45,029 - INFO - 简体中文结果已成功保存到: translated/passives_cn.js
2025-06-23 09:21:45,029 - INFO - 正在写入繁体中文结果到 translated/passives_tc.js...
2025-06-23 09:21:45,034 - INFO - 繁体中文结果已成功保存到: translated/passives_tc.js
2025-06-23 09:21:45,034 - INFO - --- 双语翻译任务报告 ---
2025-06-23 09:21:45,035 - INFO - 总处理字符串条目数: 1901
2025-06-23 09:21:45,035 - INFO - --- 简体中文 (CN) ---
2025-06-23 09:21:45,035 - INFO -   成功翻译: 1901
2025-06-23 09:21:45,035 - INFO -   失败 (未匹配): 0
2025-06-23 09:21:45,035 - INFO -   成功率: 100.00%
2025-06-23 09:21:45,035 - INFO - --- 繁体中文 (TC) ---
2025-06-23 09:21:45,035 - INFO -   成功翻译: 1901
2025-06-23 09:21:45,035 - INFO -   失败 (未匹配): 0
2025-06-23 09:21:45,035 - INFO -   成功率: 100.00%
2025-06-23 09:21:45,035 - INFO - --- 被动技能双语翻译任务结束 ---
